{"C:\\Users\\amelichev\\Desktop\\JS\\rsSchool\\eCommerce-Application\\src\\services\\validation.ts": {"path":"C:\\Users\\amelichev\\Desktop\\JS\\rsSchool\\eCommerce-Application\\src\\services\\validation.ts","statementMap":{"0":{"start":{"line":1,"column":16},"end":{"line":1,"column":56}},"1":{"start":{"line":1,"column":44},"end":{"line":1,"column":56}},"2":{"start":{"line":2,"column":20},"end":{"line":2,"column":63}},"3":{"start":{"line":2,"column":48},"end":{"line":2,"column":63}},"4":{"start":{"line":3,"column":33},"end":{"line":3,"column":91}},"5":{"start":{"line":3,"column":61},"end":{"line":3,"column":91}},"6":{"start":{"line":4,"column":36},"end":{"line":4,"column":100}},"7":{"start":{"line":4,"column":64},"end":{"line":4,"column":100}},"8":{"start":{"line":5,"column":21},"end":{"line":5,"column":68}},"9":{"start":{"line":5,"column":49},"end":{"line":5,"column":68}},"10":{"start":{"line":6,"column":31},"end":{"line":6,"column":78}},"11":{"start":{"line":6,"column":59},"end":{"line":6,"column":78}},"12":{"start":{"line":7,"column":17},"end":{"line":7,"column":61}},"13":{"start":{"line":7,"column":45},"end":{"line":7,"column":61}},"14":{"start":{"line":8,"column":18},"end":{"line":8,"column":84}},"15":{"start":{"line":8,"column":62},"end":{"line":8,"column":84}},"16":{"start":{"line":9,"column":24},"end":{"line":9,"column":74}},"17":{"start":{"line":9,"column":52},"end":{"line":9,"column":74}},"18":{"start":{"line":10,"column":28},"end":{"line":10,"column":84}},"19":{"start":{"line":10,"column":56},"end":{"line":10,"column":84}},"20":{"start":{"line":11,"column":25},"end":{"line":11,"column":93}},"21":{"start":{"line":11,"column":53},"end":{"line":11,"column":93}},"22":{"start":{"line":12,"column":22},"end":{"line":12,"column":79}},"23":{"start":{"line":12,"column":50},"end":{"line":12,"column":79}},"24":{"start":{"line":13,"column":20},"end":{"line":13,"column":73}},"25":{"start":{"line":13,"column":48},"end":{"line":13,"column":73}},"26":{"start":{"line":14,"column":26},"end":{"line":14,"column":84}},"27":{"start":{"line":14,"column":54},"end":{"line":14,"column":84}},"28":{"start":{"line":16,"column":19},"end":{"line":23,"column":1}},"29":{"start":{"line":17,"column":18},"end":{"line":17,"column":28}},"30":{"start":{"line":18,"column":28},"end":{"line":18,"column":47}},"31":{"start":{"line":20,"column":21},"end":{"line":20,"column":64}},"32":{"start":{"line":21,"column":23},"end":{"line":21,"column":64}},"33":{"start":{"line":22,"column":4},"end":{"line":22,"column":61}},"34":{"start":{"line":25,"column":26},"end":{"line":54,"column":1}},"35":{"start":{"line":26,"column":19},"end":{"line":26,"column":21}},"36":{"start":{"line":28,"column":4},"end":{"line":31,"column":null}},"37":{"start":{"line":29,"column":8},"end":{"line":29,"column":46}},"38":{"start":{"line":30,"column":8},"end":{"line":30,"column":22}},"39":{"start":{"line":33,"column":4},"end":{"line":35,"column":null}},"40":{"start":{"line":34,"column":8},"end":{"line":34,"column":64}},"41":{"start":{"line":37,"column":4},"end":{"line":39,"column":null}},"42":{"start":{"line":38,"column":8},"end":{"line":38,"column":59}},"43":{"start":{"line":41,"column":4},"end":{"line":43,"column":null}},"44":{"start":{"line":42,"column":8},"end":{"line":42,"column":65}},"45":{"start":{"line":45,"column":4},"end":{"line":47,"column":null}},"46":{"start":{"line":46,"column":8},"end":{"line":46,"column":101}},"47":{"start":{"line":49,"column":4},"end":{"line":51,"column":null}},"48":{"start":{"line":50,"column":8},"end":{"line":50,"column":84}},"49":{"start":{"line":53,"column":4},"end":{"line":53,"column":18}},"50":{"start":{"line":25,"column":13},"end":{"line":25,"column":26}},"51":{"start":{"line":56,"column":29},"end":{"line":94,"column":1}},"52":{"start":{"line":57,"column":19},"end":{"line":57,"column":21}},"53":{"start":{"line":58,"column":22},"end":{"line":58,"column":23}},"54":{"start":{"line":60,"column":4},"end":{"line":63,"column":null}},"55":{"start":{"line":61,"column":8},"end":{"line":61,"column":49}},"56":{"start":{"line":62,"column":8},"end":{"line":62,"column":22}},"57":{"start":{"line":65,"column":4},"end":{"line":67,"column":null}},"58":{"start":{"line":66,"column":8},"end":{"line":66,"column":74}},"59":{"start":{"line":69,"column":4},"end":{"line":71,"column":null}},"60":{"start":{"line":70,"column":8},"end":{"line":70,"column":82}},"61":{"start":{"line":73,"column":4},"end":{"line":75,"column":null}},"62":{"start":{"line":74,"column":8},"end":{"line":74,"column":82}},"63":{"start":{"line":77,"column":4},"end":{"line":79,"column":null}},"64":{"start":{"line":78,"column":8},"end":{"line":78,"column":71}},"65":{"start":{"line":81,"column":4},"end":{"line":83,"column":null}},"66":{"start":{"line":82,"column":8},"end":{"line":82,"column":94}},"67":{"start":{"line":85,"column":4},"end":{"line":87,"column":null}},"68":{"start":{"line":86,"column":8},"end":{"line":86,"column":59}},"69":{"start":{"line":89,"column":4},"end":{"line":91,"column":null}},"70":{"start":{"line":90,"column":8},"end":{"line":90,"column":91}},"71":{"start":{"line":93,"column":4},"end":{"line":93,"column":18}},"72":{"start":{"line":56,"column":13},"end":{"line":56,"column":29}},"73":{"start":{"line":96,"column":25},"end":{"line":119,"column":1}},"74":{"start":{"line":97,"column":19},"end":{"line":97,"column":21}},"75":{"start":{"line":99,"column":22},"end":{"line":99,"column":23}},"76":{"start":{"line":101,"column":4},"end":{"line":104,"column":null}},"77":{"start":{"line":102,"column":8},"end":{"line":102,"column":45}},"78":{"start":{"line":103,"column":8},"end":{"line":103,"column":22}},"79":{"start":{"line":106,"column":4},"end":{"line":108,"column":null}},"80":{"start":{"line":107,"column":8},"end":{"line":107,"column":70}},"81":{"start":{"line":110,"column":4},"end":{"line":112,"column":null}},"82":{"start":{"line":111,"column":8},"end":{"line":111,"column":55}},"83":{"start":{"line":114,"column":4},"end":{"line":116,"column":null}},"84":{"start":{"line":115,"column":8},"end":{"line":115,"column":64}},"85":{"start":{"line":118,"column":4},"end":{"line":118,"column":18}},"86":{"start":{"line":96,"column":13},"end":{"line":96,"column":25}},"87":{"start":{"line":121,"column":24},"end":{"line":136,"column":1}},"88":{"start":{"line":122,"column":19},"end":{"line":122,"column":21}},"89":{"start":{"line":123,"column":19},"end":{"line":123,"column":21}},"90":{"start":{"line":124,"column":19},"end":{"line":124,"column":22}},"91":{"start":{"line":126,"column":4},"end":{"line":129,"column":null}},"92":{"start":{"line":127,"column":8},"end":{"line":127,"column":54}},"93":{"start":{"line":128,"column":8},"end":{"line":128,"column":22}},"94":{"start":{"line":131,"column":4},"end":{"line":133,"column":null}},"95":{"start":{"line":132,"column":8},"end":{"line":132,"column":68}},"96":{"start":{"line":135,"column":4},"end":{"line":135,"column":18}},"97":{"start":{"line":121,"column":13},"end":{"line":121,"column":24}},"98":{"start":{"line":138,"column":27},"end":{"line":152,"column":1}},"99":{"start":{"line":139,"column":19},"end":{"line":139,"column":21}},"100":{"start":{"line":140,"column":22},"end":{"line":140,"column":23}},"101":{"start":{"line":142,"column":4},"end":{"line":145,"column":null}},"102":{"start":{"line":143,"column":8},"end":{"line":143,"column":47}},"103":{"start":{"line":144,"column":8},"end":{"line":144,"column":22}},"104":{"start":{"line":147,"column":4},"end":{"line":149,"column":null}},"105":{"start":{"line":148,"column":8},"end":{"line":148,"column":76}},"106":{"start":{"line":151,"column":4},"end":{"line":151,"column":18}},"107":{"start":{"line":138,"column":13},"end":{"line":138,"column":27}},"108":{"start":{"line":154,"column":25},"end":{"line":172,"column":1}},"109":{"start":{"line":155,"column":19},"end":{"line":155,"column":21}},"110":{"start":{"line":156,"column":22},"end":{"line":156,"column":23}},"111":{"start":{"line":158,"column":4},"end":{"line":161,"column":null}},"112":{"start":{"line":159,"column":8},"end":{"line":159,"column":47}},"113":{"start":{"line":160,"column":8},"end":{"line":160,"column":22}},"114":{"start":{"line":163,"column":4},"end":{"line":165,"column":null}},"115":{"start":{"line":164,"column":8},"end":{"line":164,"column":76}},"116":{"start":{"line":167,"column":4},"end":{"line":169,"column":null}},"117":{"start":{"line":168,"column":8},"end":{"line":168,"column":65}},"118":{"start":{"line":171,"column":4},"end":{"line":171,"column":18}},"119":{"start":{"line":154,"column":13},"end":{"line":154,"column":25}},"120":{"start":{"line":174,"column":31},"end":{"line":196,"column":1}},"121":{"start":{"line":175,"column":19},"end":{"line":175,"column":21}},"122":{"start":{"line":176,"column":22},"end":{"line":176,"column":23}},"123":{"start":{"line":178,"column":4},"end":{"line":181,"column":null}},"124":{"start":{"line":179,"column":8},"end":{"line":179,"column":52}},"125":{"start":{"line":180,"column":8},"end":{"line":180,"column":22}},"126":{"start":{"line":183,"column":4},"end":{"line":185,"column":null}},"127":{"start":{"line":184,"column":8},"end":{"line":184,"column":70}},"128":{"start":{"line":187,"column":4},"end":{"line":189,"column":null}},"129":{"start":{"line":188,"column":8},"end":{"line":188,"column":81}},"130":{"start":{"line":191,"column":4},"end":{"line":193,"column":null}},"131":{"start":{"line":192,"column":8},"end":{"line":192,"column":62}},"132":{"start":{"line":195,"column":4},"end":{"line":195,"column":18}},"133":{"start":{"line":174,"column":13},"end":{"line":174,"column":31}},"134":{"start":{"line":198,"column":19},"end":{"line":229,"column":1}},"135":{"start":{"line":202,"column":4},"end":{"line":228,"column":null}},"136":{"start":{"line":204,"column":12},"end":{"line":204,"column":57}},"137":{"start":{"line":205,"column":12},"end":{"line":205,"column":56}},"138":{"start":{"line":206,"column":12},"end":{"line":206,"column":43}},"139":{"start":{"line":208,"column":12},"end":{"line":208,"column":60}},"140":{"start":{"line":209,"column":12},"end":{"line":209,"column":46}},"141":{"start":{"line":212,"column":12},"end":{"line":212,"column":56}},"142":{"start":{"line":213,"column":12},"end":{"line":213,"column":42}},"143":{"start":{"line":215,"column":12},"end":{"line":215,"column":55}},"144":{"start":{"line":216,"column":12},"end":{"line":216,"column":41}},"145":{"start":{"line":218,"column":12},"end":{"line":218,"column":58}},"146":{"start":{"line":219,"column":12},"end":{"line":219,"column":44}},"147":{"start":{"line":221,"column":12},"end":{"line":221,"column":56}},"148":{"start":{"line":222,"column":12},"end":{"line":222,"column":42}},"149":{"start":{"line":224,"column":12},"end":{"line":224,"column":62}},"150":{"start":{"line":225,"column":12},"end":{"line":225,"column":48}},"151":{"start":{"line":227,"column":12},"end":{"line":227,"column":22}},"152":{"start":{"line":231,"column":0},"end":{"line":231,"column":26}}},"fnMap":{"0":{"name":"(anonymous_0)","decl":{"start":{"line":1,"column":16},"end":{"line":1,"column":17}},"loc":{"start":{"line":1,"column":44},"end":{"line":1,"column":56}}},"1":{"name":"(anonymous_1)","decl":{"start":{"line":2,"column":20},"end":{"line":2,"column":21}},"loc":{"start":{"line":2,"column":48},"end":{"line":2,"column":63}}},"2":{"name":"(anonymous_2)","decl":{"start":{"line":3,"column":33},"end":{"line":3,"column":34}},"loc":{"start":{"line":3,"column":61},"end":{"line":3,"column":91}}},"3":{"name":"(anonymous_3)","decl":{"start":{"line":4,"column":36},"end":{"line":4,"column":37}},"loc":{"start":{"line":4,"column":64},"end":{"line":4,"column":100}}},"4":{"name":"(anonymous_4)","decl":{"start":{"line":5,"column":21},"end":{"line":5,"column":22}},"loc":{"start":{"line":5,"column":49},"end":{"line":5,"column":68}}},"5":{"name":"(anonymous_5)","decl":{"start":{"line":6,"column":31},"end":{"line":6,"column":32}},"loc":{"start":{"line":6,"column":59},"end":{"line":6,"column":78}}},"6":{"name":"(anonymous_6)","decl":{"start":{"line":7,"column":17},"end":{"line":7,"column":18}},"loc":{"start":{"line":7,"column":45},"end":{"line":7,"column":61}}},"7":{"name":"(anonymous_7)","decl":{"start":{"line":8,"column":18},"end":{"line":8,"column":19}},"loc":{"start":{"line":8,"column":62},"end":{"line":8,"column":84}}},"8":{"name":"(anonymous_8)","decl":{"start":{"line":9,"column":24},"end":{"line":9,"column":25}},"loc":{"start":{"line":9,"column":52},"end":{"line":9,"column":74}}},"9":{"name":"(anonymous_9)","decl":{"start":{"line":10,"column":28},"end":{"line":10,"column":29}},"loc":{"start":{"line":10,"column":56},"end":{"line":10,"column":84}}},"10":{"name":"(anonymous_10)","decl":{"start":{"line":11,"column":25},"end":{"line":11,"column":26}},"loc":{"start":{"line":11,"column":53},"end":{"line":11,"column":93}}},"11":{"name":"(anonymous_11)","decl":{"start":{"line":12,"column":22},"end":{"line":12,"column":23}},"loc":{"start":{"line":12,"column":50},"end":{"line":12,"column":79}}},"12":{"name":"(anonymous_12)","decl":{"start":{"line":13,"column":20},"end":{"line":13,"column":21}},"loc":{"start":{"line":13,"column":48},"end":{"line":13,"column":73}}},"13":{"name":"(anonymous_13)","decl":{"start":{"line":14,"column":26},"end":{"line":14,"column":27}},"loc":{"start":{"line":14,"column":54},"end":{"line":14,"column":84}}},"14":{"name":"(anonymous_14)","decl":{"start":{"line":16,"column":19},"end":{"line":16,"column":20}},"loc":{"start":{"line":16,"column":87},"end":{"line":23,"column":1}}},"15":{"name":"(anonymous_15)","decl":{"start":{"line":25,"column":26},"end":{"line":25,"column":27}},"loc":{"start":{"line":25,"column":54},"end":{"line":54,"column":1}}},"16":{"name":"(anonymous_16)","decl":{"start":{"line":56,"column":29},"end":{"line":56,"column":30}},"loc":{"start":{"line":56,"column":60},"end":{"line":94,"column":1}}},"17":{"name":"(anonymous_17)","decl":{"start":{"line":96,"column":25},"end":{"line":96,"column":26}},"loc":{"start":{"line":96,"column":52},"end":{"line":119,"column":1}}},"18":{"name":"(anonymous_18)","decl":{"start":{"line":121,"column":24},"end":{"line":121,"column":25}},"loc":{"start":{"line":121,"column":56},"end":{"line":136,"column":1}}},"19":{"name":"(anonymous_19)","decl":{"start":{"line":138,"column":27},"end":{"line":138,"column":28}},"loc":{"start":{"line":138,"column":56},"end":{"line":152,"column":1}}},"20":{"name":"(anonymous_20)","decl":{"start":{"line":154,"column":25},"end":{"line":154,"column":26}},"loc":{"start":{"line":154,"column":54},"end":{"line":172,"column":1}}},"21":{"name":"(anonymous_21)","decl":{"start":{"line":174,"column":31},"end":{"line":174,"column":32}},"loc":{"start":{"line":174,"column":64},"end":{"line":196,"column":1}}},"22":{"name":"(anonymous_22)","decl":{"start":{"line":198,"column":19},"end":{"line":198,"column":null}},"loc":{"start":{"line":201,"column":14},"end":{"line":229,"column":1}}}},"branchMap":{"0":{"loc":{"start":{"line":22,"column":11},"end":{"line":22,"column":60}},"type":"binary-expr","locations":[{"start":{"line":22,"column":11},"end":{"line":22,"column":36}},{"start":{"line":22,"column":40},"end":{"line":22,"column":60}}]},"1":{"loc":{"start":{"line":28,"column":4},"end":{"line":31,"column":null}},"type":"if","locations":[{"start":{"line":28,"column":4},"end":{"line":31,"column":null}}]},"2":{"loc":{"start":{"line":33,"column":4},"end":{"line":35,"column":null}},"type":"if","locations":[{"start":{"line":33,"column":4},"end":{"line":35,"column":null}}]},"3":{"loc":{"start":{"line":37,"column":4},"end":{"line":39,"column":null}},"type":"if","locations":[{"start":{"line":37,"column":4},"end":{"line":39,"column":null}}]},"4":{"loc":{"start":{"line":41,"column":4},"end":{"line":43,"column":null}},"type":"if","locations":[{"start":{"line":41,"column":4},"end":{"line":43,"column":null}}]},"5":{"loc":{"start":{"line":45,"column":4},"end":{"line":47,"column":null}},"type":"if","locations":[{"start":{"line":45,"column":4},"end":{"line":47,"column":null}}]},"6":{"loc":{"start":{"line":49,"column":4},"end":{"line":51,"column":null}},"type":"if","locations":[{"start":{"line":49,"column":4},"end":{"line":51,"column":null}}]},"7":{"loc":{"start":{"line":60,"column":4},"end":{"line":63,"column":null}},"type":"if","locations":[{"start":{"line":60,"column":4},"end":{"line":63,"column":null}}]},"8":{"loc":{"start":{"line":65,"column":4},"end":{"line":67,"column":null}},"type":"if","locations":[{"start":{"line":65,"column":4},"end":{"line":67,"column":null}}]},"9":{"loc":{"start":{"line":69,"column":4},"end":{"line":71,"column":null}},"type":"if","locations":[{"start":{"line":69,"column":4},"end":{"line":71,"column":null}}]},"10":{"loc":{"start":{"line":73,"column":4},"end":{"line":75,"column":null}},"type":"if","locations":[{"start":{"line":73,"column":4},"end":{"line":75,"column":null}}]},"11":{"loc":{"start":{"line":77,"column":4},"end":{"line":79,"column":null}},"type":"if","locations":[{"start":{"line":77,"column":4},"end":{"line":79,"column":null}}]},"12":{"loc":{"start":{"line":81,"column":4},"end":{"line":83,"column":null}},"type":"if","locations":[{"start":{"line":81,"column":4},"end":{"line":83,"column":null}}]},"13":{"loc":{"start":{"line":85,"column":4},"end":{"line":87,"column":null}},"type":"if","locations":[{"start":{"line":85,"column":4},"end":{"line":87,"column":null}}]},"14":{"loc":{"start":{"line":89,"column":4},"end":{"line":91,"column":null}},"type":"if","locations":[{"start":{"line":89,"column":4},"end":{"line":91,"column":null}}]},"15":{"loc":{"start":{"line":101,"column":4},"end":{"line":104,"column":null}},"type":"if","locations":[{"start":{"line":101,"column":4},"end":{"line":104,"column":null}}]},"16":{"loc":{"start":{"line":106,"column":4},"end":{"line":108,"column":null}},"type":"if","locations":[{"start":{"line":106,"column":4},"end":{"line":108,"column":null}}]},"17":{"loc":{"start":{"line":110,"column":4},"end":{"line":112,"column":null}},"type":"if","locations":[{"start":{"line":110,"column":4},"end":{"line":112,"column":null}}]},"18":{"loc":{"start":{"line":114,"column":4},"end":{"line":116,"column":null}},"type":"if","locations":[{"start":{"line":114,"column":4},"end":{"line":116,"column":null}}]},"19":{"loc":{"start":{"line":126,"column":4},"end":{"line":129,"column":null}},"type":"if","locations":[{"start":{"line":126,"column":4},"end":{"line":129,"column":null}}]},"20":{"loc":{"start":{"line":131,"column":4},"end":{"line":133,"column":null}},"type":"if","locations":[{"start":{"line":131,"column":4},"end":{"line":133,"column":null}}]},"21":{"loc":{"start":{"line":142,"column":4},"end":{"line":145,"column":null}},"type":"if","locations":[{"start":{"line":142,"column":4},"end":{"line":145,"column":null}}]},"22":{"loc":{"start":{"line":147,"column":4},"end":{"line":149,"column":null}},"type":"if","locations":[{"start":{"line":147,"column":4},"end":{"line":149,"column":null}}]},"23":{"loc":{"start":{"line":158,"column":4},"end":{"line":161,"column":null}},"type":"if","locations":[{"start":{"line":158,"column":4},"end":{"line":161,"column":null}}]},"24":{"loc":{"start":{"line":163,"column":4},"end":{"line":165,"column":null}},"type":"if","locations":[{"start":{"line":163,"column":4},"end":{"line":165,"column":null}}]},"25":{"loc":{"start":{"line":167,"column":4},"end":{"line":169,"column":null}},"type":"if","locations":[{"start":{"line":167,"column":4},"end":{"line":169,"column":null}}]},"26":{"loc":{"start":{"line":178,"column":4},"end":{"line":181,"column":null}},"type":"if","locations":[{"start":{"line":178,"column":4},"end":{"line":181,"column":null}}]},"27":{"loc":{"start":{"line":183,"column":4},"end":{"line":185,"column":null}},"type":"if","locations":[{"start":{"line":183,"column":4},"end":{"line":185,"column":null}}]},"28":{"loc":{"start":{"line":187,"column":4},"end":{"line":189,"column":null}},"type":"if","locations":[{"start":{"line":187,"column":4},"end":{"line":189,"column":null}}]},"29":{"loc":{"start":{"line":191,"column":4},"end":{"line":193,"column":null}},"type":"if","locations":[{"start":{"line":191,"column":4},"end":{"line":193,"column":null}}]},"30":{"loc":{"start":{"line":202,"column":4},"end":{"line":228,"column":null}},"type":"switch","locations":[{"start":{"line":203,"column":8},"end":{"line":206,"column":43}},{"start":{"line":207,"column":8},"end":{"line":209,"column":46}},{"start":{"line":210,"column":8},"end":{"line":210,"column":26}},{"start":{"line":211,"column":8},"end":{"line":213,"column":42}},{"start":{"line":214,"column":8},"end":{"line":216,"column":41}},{"start":{"line":217,"column":8},"end":{"line":219,"column":44}},{"start":{"line":220,"column":8},"end":{"line":222,"column":42}},{"start":{"line":223,"column":8},"end":{"line":225,"column":48}},{"start":{"line":226,"column":8},"end":{"line":227,"column":22}}]}},"s":{"0":1,"1":31,"2":1,"3":5,"4":1,"5":5,"6":1,"7":5,"8":1,"9":5,"10":1,"11":5,"12":1,"13":5,"14":1,"15":17,"16":1,"17":14,"18":1,"19":11,"20":1,"21":5,"22":1,"23":5,"24":1,"25":4,"26":1,"27":4,"28":1,"29":2,"30":2,"31":2,"32":2,"33":2,"34":1,"35":6,"36":6,"37":1,"38":1,"39":5,"40":4,"41":5,"42":0,"43":5,"44":3,"45":5,"46":2,"47":5,"48":1,"49":5,"50":1,"51":1,"52":6,"53":6,"54":6,"55":1,"56":1,"57":5,"58":2,"59":5,"60":1,"61":5,"62":1,"63":5,"64":1,"65":5,"66":3,"67":5,"68":1,"69":5,"70":1,"71":5,"72":1,"73":1,"74":5,"75":5,"76":5,"77":1,"78":1,"79":4,"80":0,"81":4,"82":1,"83":4,"84":3,"85":4,"86":1,"87":1,"88":3,"89":3,"90":3,"91":3,"92":1,"93":1,"94":2,"95":1,"96":2,"97":1,"98":1,"99":3,"100":3,"101":3,"102":1,"103":1,"104":2,"105":0,"106":2,"107":1,"108":1,"109":3,"110":3,"111":3,"112":1,"113":1,"114":2,"115":0,"116":2,"117":1,"118":2,"119":1,"120":1,"121":5,"122":5,"123":5,"124":1,"125":1,"126":4,"127":1,"128":4,"129":3,"130":4,"131":1,"132":4,"133":1,"134":1,"135":0,"136":0,"137":0,"138":0,"139":0,"140":0,"141":0,"142":0,"143":0,"144":0,"145":0,"146":0,"147":0,"148":0,"149":0,"150":0,"151":0,"152":1},"f":{"0":31,"1":5,"2":5,"3":5,"4":5,"5":5,"6":5,"7":17,"8":14,"9":11,"10":5,"11":5,"12":4,"13":4,"14":2,"15":6,"16":6,"17":5,"18":3,"19":3,"20":3,"21":5,"22":0},"b":{"0":[2,1],"1":[1],"2":[4],"3":[0],"4":[3],"5":[2],"6":[1],"7":[1],"8":[2],"9":[1],"10":[1],"11":[1],"12":[3],"13":[1],"14":[1],"15":[1],"16":[0],"17":[1],"18":[3],"19":[1],"20":[1],"21":[1],"22":[0],"23":[1],"24":[0],"25":[1],"26":[1],"27":[1],"28":[3],"29":[1],"30":[0,0,0,0,0,0,0,0,0]}}
}
