TN:
SF:src\services\validation.ts
FN:1,(anonymous_0)
FN:2,(anonymous_1)
FN:3,(anonymous_2)
FN:4,(anonymous_3)
FN:5,(anonymous_4)
FN:6,(anonymous_5)
FN:7,(anonymous_6)
FN:8,(anonymous_7)
FN:9,(anonymous_8)
FN:10,(anonymous_9)
FN:11,(anonymous_10)
FN:12,(anonymous_11)
FN:13,(anonymous_12)
FN:14,(anonymous_13)
FN:16,(anonymous_14)
FN:25,(anonymous_15)
FN:56,(anonymous_16)
FN:96,(anonymous_17)
FN:121,(anonymous_18)
FN:138,(anonymous_19)
FN:154,(anonymous_20)
FN:174,(anonymous_21)
FN:198,(anonymous_22)
FNF:23
FNH:22
FNDA:31,(anonymous_0)
FNDA:5,(anonymous_1)
FNDA:5,(anonymous_2)
FNDA:5,(anonymous_3)
FNDA:5,(anonymous_4)
FNDA:5,(anonymous_5)
FNDA:5,(anonymous_6)
FNDA:17,(anonymous_7)
FNDA:14,(anonymous_8)
FNDA:11,(anonymous_9)
FNDA:5,(anonymous_10)
FNDA:5,(anonymous_11)
FNDA:4,(anonymous_12)
FNDA:4,(anonymous_13)
FNDA:2,(anonymous_14)
FNDA:6,(anonymous_15)
FNDA:6,(anonymous_16)
FNDA:5,(anonymous_17)
FNDA:3,(anonymous_18)
FNDA:3,(anonymous_19)
FNDA:3,(anonymous_20)
FNDA:5,(anonymous_21)
FNDA:0,(anonymous_22)
DA:1,31
DA:2,5
DA:3,5
DA:4,5
DA:5,5
DA:6,5
DA:7,5
DA:8,17
DA:9,14
DA:10,11
DA:11,5
DA:12,5
DA:13,4
DA:14,4
DA:16,1
DA:17,2
DA:18,2
DA:20,2
DA:21,2
DA:22,2
DA:25,1
DA:26,6
DA:28,6
DA:29,1
DA:30,1
DA:33,5
DA:34,4
DA:37,5
DA:38,0
DA:41,5
DA:42,3
DA:45,5
DA:46,2
DA:49,5
DA:50,1
DA:53,5
DA:56,1
DA:57,6
DA:58,6
DA:60,6
DA:61,1
DA:62,1
DA:65,5
DA:66,2
DA:69,5
DA:70,1
DA:73,5
DA:74,1
DA:77,5
DA:78,1
DA:81,5
DA:82,3
DA:85,5
DA:86,1
DA:89,5
DA:90,1
DA:93,5
DA:96,1
DA:97,5
DA:99,5
DA:101,5
DA:102,1
DA:103,1
DA:106,4
DA:107,0
DA:110,4
DA:111,1
DA:114,4
DA:115,3
DA:118,4
DA:121,1
DA:122,3
DA:123,3
DA:124,3
DA:126,3
DA:127,1
DA:128,1
DA:131,2
DA:132,1
DA:135,2
DA:138,1
DA:139,3
DA:140,3
DA:142,3
DA:143,1
DA:144,1
DA:147,2
DA:148,0
DA:151,2
DA:154,1
DA:155,3
DA:156,3
DA:158,3
DA:159,1
DA:160,1
DA:163,2
DA:164,0
DA:167,2
DA:168,1
DA:171,2
DA:174,1
DA:175,5
DA:176,5
DA:178,5
DA:179,1
DA:180,1
DA:183,4
DA:184,1
DA:187,4
DA:188,3
DA:191,4
DA:192,1
DA:195,4
DA:198,1
DA:202,0
DA:204,0
DA:205,0
DA:206,0
DA:208,0
DA:209,0
DA:212,0
DA:213,0
DA:215,0
DA:216,0
DA:218,0
DA:219,0
DA:221,0
DA:222,0
DA:224,0
DA:225,0
DA:227,0
DA:231,1
LF:132
LH:111
BRDA:22,0,0,2
BRDA:22,0,1,1
BRDA:28,1,0,1
BRDA:33,2,0,4
BRDA:37,3,0,0
BRDA:41,4,0,3
BRDA:45,5,0,2
BRDA:49,6,0,1
BRDA:60,7,0,1
BRDA:65,8,0,2
BRDA:69,9,0,1
BRDA:73,10,0,1
BRDA:77,11,0,1
BRDA:81,12,0,3
BRDA:85,13,0,1
BRDA:89,14,0,1
BRDA:101,15,0,1
BRDA:106,16,0,0
BRDA:110,17,0,1
BRDA:114,18,0,3
BRDA:126,19,0,1
BRDA:131,20,0,1
BRDA:142,21,0,1
BRDA:147,22,0,0
BRDA:158,23,0,1
BRDA:163,24,0,0
BRDA:167,25,0,1
BRDA:178,26,0,1
BRDA:183,27,0,1
BRDA:187,28,0,3
BRDA:191,29,0,1
BRDA:202,30,0,0
BRDA:202,30,1,0
BRDA:202,30,2,0
BRDA:202,30,3,0
BRDA:202,30,4,0
BRDA:202,30,5,0
BRDA:202,30,6,0
BRDA:202,30,7,0
BRDA:202,30,8,0
BRF:40
BRH:27
end_of_record
